GROUP,PACKAGE,CLASS,INSTRUCTION_MISSED,INSTRUCTION_COVERED,BRANCH_MISSED,BRANCH_COVERED,LINE_MISSED,LINE_COVERED,COMPLEXITY_MISSED,COMPLEXITY_COVERED,METHOD_MISSED,METHOD_COVERED
Persistene_g2_10,edu.uga.miage.m1.polygons.gui,JDrawingFrame,544,0,28,0,114,0,28,0,13,0
Persistene_g2_10,edu.uga.miage.m1.polygons.gui,JDrawingFrame.SelecteurActionListener,29,0,2,0,9,0,5,0,4,0
Persistene_g2_10,edu.uga.miage.m1.polygons.gui,JDrawingFrame.DrawingPanel,30,0,4,0,7,0,4,0,2,0
Persistene_g2_10,edu.uga.miage.m1.polygons.gui,JDrawingFrame.new AbstractAction() {...},10,0,0,0,3,0,2,0,2,0
Persistene_g2_10,edu.uga.miage.m1.polygons.gui,GUIHelper.new WindowAdapter() {...},6,0,0,0,3,0,2,0,2,0
Persistene_g2_10,edu.uga.miage.m1.polygons.gui,App,6,0,0,0,3,0,2,0,2,0
Persistene_g2_10,edu.uga.miage.m1.polygons.gui,JDrawingFrame.Shapes,34,0,0,0,2,0,1,0,1,0
Persistene_g2_10,edu.uga.miage.m1.polygons.gui,JDrawingFrame.ShapeActionListener,212,0,12,0,51,0,10,0,4,0
Persistene_g2_10,edu.uga.miage.m1.polygons.gui,GUIHelper,18,0,0,0,6,0,1,0,1,0
Persistene_g2_10,edu.uga.miage.m1.polygons.gui.persistence,JSonVisitor,0,33,0,0,0,11,0,4,0,4
Persistene_g2_10,edu.uga.miage.m1.polygons.gui.persistence,XMLVisitor,27,154,0,0,10,37,1,5,1,5
Persistene_g2_10,edu.uga.miage.m1.polygons.gui.shapes,Triangle,0,144,0,2,0,22,0,3,0,2
Persistene_g2_10,edu.uga.miage.m1.polygons.gui.shapes,Square,0,81,0,0,0,14,0,2,0,2
Persistene_g2_10,edu.uga.miage.m1.polygons.gui.shapes,AbstractShape,19,29,0,0,7,10,3,5,3,5
Persistene_g2_10,edu.uga.miage.m1.polygons.gui.shapes,Circle,75,6,0,0,12,2,1,1,1,1
