<?xml version="1.0" encoding="UTF-8"?>
<testsuite xmlns:xsi="http://www.w3.org/2001/XMLSchema-instance" xsi:noNamespaceSchemaLocation="https://maven.apache.org/surefire/maven-surefire-plugin/xsd/surefire-test-report-3.0.xsd" version="3.0" name="shapesTest.SquareTest" time="0.056" tests="3" errors="0" skipped="0" failures="0">
  <properties>
[...]
</properties>
  <testcase name="testDraw" classname="shapesTest.SquareTest" time="0.014"/>
  <testcase name="testConstruct" classname="shapesTest.SquareTest" time="0.016"/>
  <testcase name="testAccept" classname="shapesTest.SquareTest" time="0.015"/>
</testsuite>